<?xml version="1.0" encoding="UTF-8"?>
<testng-results ignored="0" total="2" passed="2" failed="0" skipped="0">
  <reporter-output>
  </reporter-output>
  <suite started-at="2024-03-25T17:04:34 GST" name="Default suite" finished-at="2024-03-25T17:04:46 GST" duration-ms="12350">
    <groups>
    </groups>
    <test started-at="2024-03-25T17:04:34 GST" name="Default test" finished-at="2024-03-25T17:04:46 GST" duration-ms="12350">
      <class name="Myjavabasecs">
        <test-method is-config="true" signature="Mysetup()[pri:0, instance:Myjavabasecs@45815ffc]" started-at="2024-03-25T17:04:34 GST" name="Mysetup" finished-at="2024-03-25T17:04:38 GST" duration-ms="4758" status="PASS">
          <reporter-output>
          </reporter-output>
        </test-method> <!-- Mysetup -->
        <test-method signature="MyfirstTest()[pri:0, instance:Myjavabasecs@45815ffc]" started-at="2024-03-25T17:04:39 GST" name="MyfirstTest" finished-at="2024-03-25T17:04:42 GST" duration-ms="3531" status="PASS">
          <reporter-output>
          </reporter-output>
        </test-method> <!-- MyfirstTest -->
        <test-method signature="secondtest()[pri:0, instance:Myjavabasecs@45815ffc]" started-at="2024-03-25T17:04:42 GST" name="secondtest" finished-at="2024-03-25T17:04:46 GST" duration-ms="3978" status="PASS">
          <reporter-output>
          </reporter-output>
        </test-method> <!-- secondtest -->
      </class> <!-- Myjavabasecs -->
    </test> <!-- Default test -->
  </suite> <!-- Default suite -->
</testng-results>
